<?xml version="1.0" encoding="UTF-8"?>
<!-- Generated by org.testng.reporters.JUnitXMLReporter -->
<testsuite ignored="0" hostname="DDC1-L-2144Y3K" failures="0" tests="10" name="Swag Lab Application Test" time="1.066" errors="0" timestamp="2023-12-26T00:35:10 IST">
  <testcase classname="com.sauce.qa.testcases.LoginPageTest" name="@BeforeMethod setUp" time="0.026">
    <failure type="java.lang.NullPointerException" message="Cannot invoke &amp;quot;Object.getClass()&amp;quot; because &amp;quot;object&amp;quot; is null">
      <![CDATA[java.lang.NullPointerException: Cannot invoke "Object.getClass()" because "object" is null
at org.openqa.selenium.support.events.EventFiringWebDriver.extractInterfaces(EventFiringWebDriver.java:121)
at org.openqa.selenium.support.events.EventFiringWebDriver.<init>(EventFiringWebDriver.java:94)
at com.sauce.qa.base.TestBase.initialization(TestBase.java:47)
at com.sauce.qa.testcases.LoginPageTest.setUp(LoginPageTest.java:24)
at java.base/java.util.ArrayList.forEach(ArrayList.java:1511)
... Removed 31 stack frames]]>
    </failure>
  </testcase> <!-- @BeforeMethod setUp -->
  <testcase classname="com.sauce.qa.testcases.LoginPageTest" name="@AfterMethod teardown" time="0.0">
    <skipped/>
  </testcase> <!-- @AfterMethod teardown -->
  <testcase classname="com.sauce.qa.testcases.LoginPageTest" name="@BeforeMethod setUp" time="0.0">
    <skipped/>
  </testcase> <!-- @BeforeMethod setUp -->
  <testcase classname="com.sauce.qa.testcases.LoginPageTest" name="@AfterMethod teardown" time="0.0">
    <skipped/>
  </testcase> <!-- @AfterMethod teardown -->
  <testcase classname="com.sauce.qa.testcases.ProductPageTest" name="@BeforeMethod setUp" time="0.0">
    <failure type="java.lang.NullPointerException" message="Cannot invoke &amp;quot;Object.getClass()&amp;quot; because &amp;quot;object&amp;quot; is null">
      <![CDATA[java.lang.NullPointerException: Cannot invoke "Object.getClass()" because "object" is null
at org.openqa.selenium.support.events.EventFiringWebDriver.extractInterfaces(EventFiringWebDriver.java:121)
at org.openqa.selenium.support.events.EventFiringWebDriver.<init>(EventFiringWebDriver.java:94)
at com.sauce.qa.base.TestBase.initialization(TestBase.java:47)
at com.sauce.qa.testcases.ProductPageTest.setUp(ProductPageTest.java:29)
at java.base/java.util.ArrayList.forEach(ArrayList.java:1511)
... Removed 31 stack frames]]>
    </failure>
  </testcase> <!-- @BeforeMethod setUp -->
  <testcase classname="com.sauce.qa.testcases.ProductPageTest" name="@AfterMethod teardown" time="0.0">
    <skipped/>
  </testcase> <!-- @AfterMethod teardown -->
  <testcase classname="com.sauce.qa.testcases.ProductPageTest" name="@BeforeMethod setUp" time="0.0">
    <skipped/>
  </testcase> <!-- @BeforeMethod setUp -->
  <testcase classname="com.sauce.qa.testcases.ProductPageTest" name="@AfterMethod teardown" time="0.0">
    <skipped/>
  </testcase> <!-- @AfterMethod teardown -->
  <testcase classname="com.sauce.qa.testcases.CartPageTest" name="@BeforeMethod start" time="0.0">
    <failure type="java.lang.NullPointerException" message="Cannot invoke &amp;quot;Object.getClass()&amp;quot; because &amp;quot;object&amp;quot; is null">
      <![CDATA[java.lang.NullPointerException: Cannot invoke "Object.getClass()" because "object" is null
at org.openqa.selenium.support.events.EventFiringWebDriver.extractInterfaces(EventFiringWebDriver.java:121)
at org.openqa.selenium.support.events.EventFiringWebDriver.<init>(EventFiringWebDriver.java:94)
at com.sauce.qa.base.TestBase.initialization(TestBase.java:47)
at com.sauce.qa.testcases.CartPageTest.start(CartPageTest.java:44)
at java.base/java.util.ArrayList.forEach(ArrayList.java:1511)
... Removed 31 stack frames]]>
    </failure>
  </testcase> <!-- @BeforeMethod start -->
  <testcase classname="com.sauce.qa.testcases.CartPageTest" name="@AfterMethod teardown" time="0.0">
    <skipped/>
  </testcase> <!-- @AfterMethod teardown -->
  <testcase classname="com.sauce.qa.testcases.CartPageTest" name="@BeforeMethod start" time="0.0">
    <skipped/>
  </testcase> <!-- @BeforeMethod start -->
  <testcase classname="com.sauce.qa.testcases.CartPageTest" name="@AfterMethod teardown" time="0.0">
    <skipped/>
  </testcase> <!-- @AfterMethod teardown -->
  <testcase classname="com.sauce.qa.testcases.CartPageTest" name="@BeforeMethod start" time="0.0">
    <skipped/>
  </testcase> <!-- @BeforeMethod start -->
  <testcase classname="com.sauce.qa.testcases.CartPageTest" name="@AfterMethod teardown" time="0.0">
    <skipped/>
  </testcase> <!-- @AfterMethod teardown -->
  <testcase classname="com.sauce.qa.testcases.CartPageTest" name="@BeforeMethod start" time="0.0">
    <skipped/>
  </testcase> <!-- @BeforeMethod start -->
  <testcase classname="com.sauce.qa.testcases.CartPageTest" name="@AfterMethod teardown" time="0.0">
    <skipped/>
  </testcase> <!-- @AfterMethod teardown -->
  <testcase classname="com.sauce.qa.testcases.CartPageTest" name="@BeforeMethod start" time="0.0">
    <skipped/>
  </testcase> <!-- @BeforeMethod start -->
  <testcase classname="com.sauce.qa.testcases.CartPageTest" name="@AfterMethod teardown" time="0.0">
    <skipped/>
  </testcase> <!-- @AfterMethod teardown -->
  <testcase classname="com.sauce.qa.testcases.CartPageTest" name="@BeforeMethod start" time="0.0">
    <skipped/>
  </testcase> <!-- @BeforeMethod start -->
  <testcase classname="com.sauce.qa.testcases.CartPageTest" name="@AfterMethod teardown" time="0.0">
    <skipped/>
  </testcase> <!-- @AfterMethod teardown -->
  <testcase classname="com.sauce.qa.testcases.LoginPageTest" name="LoginPageTitleTest" time="0.0">
    <skipped/>
  </testcase> <!-- LoginPageTitleTest -->
  <testcase classname="com.sauce.qa.testcases.LoginPageTest" name="LoginTest" time="0.0">
    <skipped/>
  </testcase> <!-- LoginTest -->
  <testcase classname="com.sauce.qa.testcases.ProductPageTest" name="ProductPageTitleTest" time="0.0">
    <skipped/>
  </testcase> <!-- ProductPageTitleTest -->
  <testcase classname="com.sauce.qa.testcases.ProductPageTest" name="addProductTest" time="0.0">
    <skipped/>
  </testcase> <!-- addProductTest -->
  <testcase classname="com.sauce.qa.testcases.CartPageTest" name="validateCartPageTitleTest" time="0.0">
    <skipped/>
  </testcase> <!-- validateCartPageTitleTest -->
  <testcase classname="com.sauce.qa.testcases.CartPageTest" name="checkOutTest" time="0.0">
    <skipped/>
  </testcase> <!-- checkOutTest -->
  <testcase classname="com.sauce.qa.testcases.CartPageTest" name="checkoutInfoTest" time="0.0">
    <skipped/>
  </testcase> <!-- checkoutInfoTest -->
  <testcase classname="com.sauce.qa.testcases.CartPageTest" name="checkoutInfoTest" time="0.0">
    <skipped/>
  </testcase> <!-- checkoutInfoTest -->
  <testcase classname="com.sauce.qa.testcases.CartPageTest" name="checkoutInfoTest" time="0.0">
    <skipped/>
  </testcase> <!-- checkoutInfoTest -->
  <testcase classname="com.sauce.qa.testcases.CartPageTest" name="checkoutInfoTest" time="0.0">
    <skipped/>
  </testcase> <!-- checkoutInfoTest -->
</testsuite> <!-- Swag Lab Application Test -->
